{"numFailedTestSuites":0,"numFailedTests":0,"numPassedTestSuites":4,"numPassedTests":17,"numPendingTestSuites":0,"numPendingTests":0,"numRuntimeErrorTestSuites":0,"numTotalTestSuites":4,"numTotalTests":17,"snapshot":{"added":0,"didUpdate":false,"failure":false,"filesAdded":0,"filesRemoved":0,"filesUnmatched":0,"filesUpdated":0,"matched":14,"total":14,"unchecked":0,"unmatched":0,"updated":0},"startTime":1548178109644,"success":true,"testResults":[{"assertionResults":[{"ancestorTitles":["Button"],"failureMessages":[],"fullName":"Button renders correctly","status":"passed","title":"renders correctly"},{"ancestorTitles":["Button"],"failureMessages":[],"fullName":"Button fullWidth Button should be at min-width 100%","status":"passed","title":"fullWidth Button should be at min-width 100%"},{"ancestorTitles":["Button"],"failureMessages":[],"fullName":"Button has no theme, should be default","status":"passed","title":"has no theme, should be default"},{"ancestorTitles":["Button"],"failureMessages":[],"fullName":"Button has icon, should render icon font classes","status":"passed","title":"has icon, should render icon font classes"}],"endTime":1548178110457,"message":"","name":"/home/xmartinezpujol/git/react-tv/test/Button.test.js","startTime":1548178110236,"status":"passed","summary":""},{"assertionResults":[{"ancestorTitles":["Text"],"failureMessages":[],"fullName":"Text h1 renders correctly","status":"passed","title":"h1 renders correctly"},{"ancestorTitles":["Text"],"failureMessages":[],"fullName":"Text h2 renders correctly","status":"passed","title":"h2 renders correctly"},{"ancestorTitles":["Text"],"failureMessages":[],"fullName":"Text h3 renders correctly","status":"passed","title":"h3 renders correctly"},{"ancestorTitles":["Text"],"failureMessages":[],"fullName":"Text h4 renders correctly","status":"passed","title":"h4 renders correctly"},{"ancestorTitles":["Text"],"failureMessages":[],"fullName":"Text h5 renders correctly","status":"passed","title":"h5 renders correctly"},{"ancestorTitles":["Text"],"failureMessages":[],"fullName":"Text p1 renders correctly","status":"passed","title":"p1 renders correctly"},{"ancestorTitles":["Text"],"failureMessages":[],"fullName":"Text p2 renders correctly","status":"passed","title":"p2 renders correctly"},{"ancestorTitles":["Text"],"failureMessages":[],"fullName":"Text p3 renders correctly","status":"passed","title":"p3 renders correctly"},{"ancestorTitles":["Text"],"failureMessages":[],"fullName":"Text p4 renders correctly","status":"passed","title":"p4 renders correctly"},{"ancestorTitles":["Text"],"failureMessages":[],"fullName":"Text p5 renders correctly","status":"passed","title":"p5 renders correctly"},{"ancestorTitles":["Text"],"failureMessages":[],"fullName":"Text span renders correctly","status":"passed","title":"span renders correctly"}],"endTime":1548178110573,"message":"","name":"/home/xmartinezpujol/git/react-tv/test/Text.test.js","startTime":1548178110515,"status":"passed","summary":""},{"assertionResults":[{"ancestorTitles":["Input"],"failureMessages":[],"fullName":"Input renders correctly","status":"passed","title":"renders correctly"}],"endTime":1548178110670,"message":"","name":"/home/xmartinezpujol/git/react-tv/test/Input.test.js","startTime":1548178110633,"status":"passed","summary":""},{"assertionResults":[{"ancestorTitles":["View"],"failureMessages":[],"fullName":"View View renders correctly","status":"passed","title":"View renders correctly"}],"endTime":1548178110751,"message":"","name":"/home/xmartinezpujol/git/react-tv/test/View.test.js","startTime":1548178110720,"status":"passed","summary":""}],"wasInterrupted":false}